[debug] [2021-08-02T07:15:14.886Z] ----------------------------------------------------------------------
[debug] [2021-08-02T07:15:14.890Z] Command:       C:\Program Files\nodejs\node.exe C:\Users\user\AppData\Roaming\npm\node_modules\firebase-tools\lib\bin\firebase.js init
[debug] [2021-08-02T07:15:14.891Z] CLI Version:   9.16.0
[debug] [2021-08-02T07:15:14.891Z] Platform:      win32
[debug] [2021-08-02T07:15:14.891Z] Node Version:  v14.17.4
[debug] [2021-08-02T07:15:14.893Z] Time:          Mon Aug 02 2021 10:15:14 GMT+0300 (GMT+03:00)
[debug] [2021-08-02T07:15:14.894Z] ----------------------------------------------------------------------
[debug] 
[debug] [2021-08-02T07:15:14.897Z] >>> [apiv2][query] GET https://firebase-public.firebaseio.com/cli.json [none]
[debug] [2021-08-02T07:15:14.931Z] > command requires scopes: ["email","openid","https://www.googleapis.com/auth/cloudplatformprojects.readonly","https://www.googleapis.com/auth/firebase","https://www.googleapis.com/auth/cloud-platform"]
[debug] [2021-08-02T07:15:14.931Z] > authorizing via signed-in user (cllcnkrt@gmail.com)
[info] 
     ######## #### ########  ######## ########     ###     ######  ########
     ##        ##  ##     ## ##       ##     ##  ##   ##  ##       ##
     ######    ##  ########  ######   ########  #########  ######  ######
     ##        ##  ##    ##  ##       ##     ## ##     ##       ## ##
     ##       #### ##     ## ######## ########  ##     ##  ######  ########

You're about to initialize a Firebase project in this directory:

  E:\Tutorials\React_Tutorials\facebook-messenger-clone

[debug] [2021-08-02T07:15:15.487Z] <<< [apiv2][status] GET https://firebase-public.firebaseio.com/cli.json 200
[debug] [2021-08-02T07:15:15.487Z] <<< [apiv2][body] GET https://firebase-public.firebaseio.com/cli.json {"cloudBuildErrorAfter":1594252800000,"cloudBuildWarnAfter":1590019200000,"defaultNode10After":1594252800000,"minVersion":"3.0.5","node8DeploysDisabledAfter":1613390400000,"node8RuntimeDisabledAfter":1615809600000,"node8WarnAfter":1600128000000}
